<?xml version="1.0" encoding="UTF-8"?>
<testng-results skipped="0" failed="1" total="1" passed="0">
  <reporter-output>
  </reporter-output>
  <suite name="Default suite" duration-ms="18579" started-at="2018-05-29T22:42:50Z" finished-at="2018-05-29T22:43:08Z">
    <groups>
    </groups>
    <test name="Default test" duration-ms="18579" started-at="2018-05-29T22:42:50Z" finished-at="2018-05-29T22:43:08Z">
      <class name="pages.GetVehicleDetailsTest">
        <test-method status="PASS" signature="testInit()[pri:0, instance:pages.GetVehicleDetailsTest@5dfcfece]" name="testInit" is-config="true" duration-ms="18509" started-at="2018-05-29T23:42:50Z" finished-at="2018-05-29T23:43:08Z">
          <reporter-output>
          </reporter-output>
        </test-method> <!-- testInit -->
        <test-method status="FAIL" signature="elementsExistsOnThePage()[pri:0, instance:pages.GetVehicleDetailsTest@5dfcfece]" name="elementsExistsOnThePage" duration-ms="30" started-at="2018-05-29T23:43:08Z" finished-at="2018-05-29T23:43:08Z">
          <exception class="java.lang.NullPointerException">
            <full-stacktrace>
              <![CDATA[java.lang.NullPointerException
	at support.WebDriverHelper.setTextInTextbox(WebDriverHelper.java:208)
	at pages.GetVehicleDetails.enterRegNumber(GetVehicleDetails.java:17)
	at pages.GetVehicleDetailsTest.elementsExistsOnThePage(GetVehicleDetailsTest.java:51)
	at sun.reflect.NativeMethodAccessorImpl.invoke0(Native Method)
	at sun.reflect.NativeMethodAccessorImpl.invoke(Unknown Source)
	at sun.reflect.DelegatingMethodAccessorImpl.invoke(Unknown Source)
	at java.lang.reflect.Method.invoke(Unknown Source)
	at org.testng.internal.MethodInvocationHelper.invokeMethod(MethodInvocationHelper.java:80)
	at org.testng.internal.Invoker.invokeMethod(Invoker.java:714)
	at org.testng.internal.Invoker.invokeTestMethod(Invoker.java:901)
	at org.testng.internal.Invoker.invokeTestMethods(Invoker.java:1231)
	at org.testng.internal.TestMethodWorker.invokeTestMethods(TestMethodWorker.java:127)
	at org.testng.internal.TestMethodWorker.run(TestMethodWorker.java:111)
	at org.testng.TestRunner.privateRun(TestRunner.java:767)
	at org.testng.TestRunner.run(TestRunner.java:617)
	at org.testng.SuiteRunner.runTest(SuiteRunner.java:334)
	at org.testng.SuiteRunner.runSequentially(SuiteRunner.java:329)
	at org.testng.SuiteRunner.privateRun(SuiteRunner.java:291)
	at org.testng.SuiteRunner.run(SuiteRunner.java:240)
	at org.testng.SuiteRunnerWorker.runSuite(SuiteRunnerWorker.java:52)
	at org.testng.SuiteRunnerWorker.run(SuiteRunnerWorker.java:86)
	at org.testng.TestNG.runSuitesSequentially(TestNG.java:1198)
	at org.testng.TestNG.runSuitesLocally(TestNG.java:1123)
	at org.testng.TestNG.run(TestNG.java:1031)
	at org.testng.remote.AbstractRemoteTestNG.run(AbstractRemoteTestNG.java:114)
	at org.testng.remote.RemoteTestNG.initAndRun(RemoteTestNG.java:251)
	at org.testng.remote.RemoteTestNG.main(RemoteTestNG.java:77)
]]>
            </full-stacktrace>
          </exception> <!-- java.lang.NullPointerException -->
          <reporter-output>
          </reporter-output>
        </test-method> <!-- elementsExistsOnThePage -->
      </class> <!-- pages.GetVehicleDetailsTest -->
    </test> <!-- Default test -->
  </suite> <!-- Default suite -->
</testng-results>
